2022-03-18 13:14:26,448 [Worker-3: Loading available Gradle versions] INFO  o.e.b.c.i.u.g.PublishedGradleVersions - Gradle version information cache is up-to-date. Trying to read.
2022-03-18 13:22:01,726 [Worker-0: Enabling Maven Dependency Management] INFO  o.e.m.c.i.l.LifecycleMappingFactory - Using org.maven.ide.eclipse.wtp.WarLifecycleMapping lifecycle mapping for MavenProject: AirReservation:AirReservation:0.0.1-SNAPSHOT @ E:\Work\JavaProject\JavaProject\AirlineReservation\pom.xml.
2022-03-18 13:22:03,929 [Worker-0: Enabling Maven Dependency Management] INFO  o.e.m.j.i.AbstractJavaProjectConfigurator - Adding source folder /AirlineReservation/src
2022-03-18 13:22:03,930 [Worker-0: Enabling Maven Dependency Management] INFO  o.e.m.j.i.AbstractJavaProjectConfigurator - Not adding source folder /AirlineReservation/src/test/java because it overlaps with /AirlineReservation/src
2022-03-18 13:22:07,536 [Worker-4: Building Project AirlineReservation] WARN  o.e.m.c.i.embedder.EclipseLogger - Using platform encoding (Cp1252 actually) to copy filtered resources, i.e. build is platform dependent!
2022-03-18 13:22:07,590 [Worker-4: Building Project AirlineReservation] INFO  o.e.m.c.i.embedder.EclipseLogger - skip non existing resourceDirectory E:\Work\JavaProject\JavaProject\AirlineReservation\src\main\resources
2022-03-18 13:22:07,595 [Worker-4: Building Project AirlineReservation] WARN  o.e.m.c.i.embedder.EclipseLogger - Using platform encoding (Cp1252 actually) to copy filtered resources, i.e. build is platform dependent!
2022-03-18 13:22:07,997 [Worker-4: Building Project AirlineReservation] INFO  o.e.m.c.i.embedder.EclipseLogger - skip non existing resourceDirectory E:\Work\JavaProject\JavaProject\AirlineReservation\src\test\resources
2022-03-18 13:22:10,996 [Worker-0: Enabling Maven Dependency Management] INFO  o.e.m.c.i.p.ProjectConfigurationManager - Update started
2022-03-18 13:22:14,035 [Worker-0: Enabling Maven Dependency Management] INFO  o.e.m.c.i.l.LifecycleMappingFactory - Using org.maven.ide.eclipse.wtp.WarLifecycleMapping lifecycle mapping for MavenProject: AirReservation:AirReservation:0.0.1-SNAPSHOT @ E:\Work\JavaProject\JavaProject\AirlineReservation\pom.xml.
2022-03-18 13:22:18,565 [Worker-0: Enabling Maven Dependency Management] INFO  o.e.m.j.i.AbstractJavaProjectConfigurator - Adding source folder /AirlineReservation/src
2022-03-18 13:22:18,566 [Worker-0: Enabling Maven Dependency Management] INFO  o.e.m.j.i.AbstractJavaProjectConfigurator - Not adding source folder /AirlineReservation/src/test/java because it overlaps with /AirlineReservation/src
2022-03-18 13:22:21,632 [Worker-0: Enabling Maven Dependency Management] INFO  o.e.m.w.i.f.ResourceFilteringBuildParticipant - Cleaning filtered folder for AirlineReservation
2022-03-18 13:22:21,646 [Worker-0: Enabling Maven Dependency Management] INFO  o.e.m.c.i.p.ProjectConfigurationManager - Update completed: 10 sec
2022-03-18 13:22:22,511 [Worker-4: Building] WARN  o.e.m.c.i.embedder.EclipseLogger - Using platform encoding (Cp1252 actually) to copy filtered resources, i.e. build is platform dependent!
2022-03-18 13:22:22,512 [Worker-4: Building] INFO  o.e.m.c.i.embedder.EclipseLogger - skip non existing resourceDirectory E:\Work\JavaProject\JavaProject\AirlineReservation\src\main\resources
2022-03-18 13:22:22,514 [Worker-4: Building] WARN  o.e.m.c.i.embedder.EclipseLogger - Using platform encoding (Cp1252 actually) to copy filtered resources, i.e. build is platform dependent!
2022-03-18 13:22:22,598 [Worker-4: Building] INFO  o.e.m.c.i.embedder.EclipseLogger - skip non existing resourceDirectory E:\Work\JavaProject\JavaProject\AirlineReservation\src\test\resources
2022-03-18 13:22:22,946 [Worker-4: Building] INFO  o.e.m.w.i.f.ResourceFilteringBuildParticipant - Changed resources require a complete clean of filtered resources of AirlineReservation
2022-03-18 13:22:22,947 [Worker-4: Building] INFO  o.e.m.w.i.f.ResourceFilteringBuildParticipant - Executing resource filtering for AirlineReservation
2022-03-18 13:22:22,952 [Worker-4: Building] WARN  o.e.m.c.i.embedder.EclipseLogger - The POM for org.apache.maven.plugins:maven-clean-plugin:jar:2.5 is missing, no dependency information available
2022-03-18 13:22:23,390 [Worker-4: Building] WARN  o.e.m.c.i.embedder.EclipseLogger - Using platform encoding (Cp1252 actually) to copy filtered resources, i.e. build is platform dependent!
2022-03-18 13:22:29,369 [Worker-5: Updating Maven Project] INFO  o.e.m.c.i.p.ProjectConfigurationManager - Update started
2022-03-18 13:22:30,468 [Worker-5: Updating Maven Project] INFO  o.e.m.c.i.l.LifecycleMappingFactory - Using org.maven.ide.eclipse.wtp.WarLifecycleMapping lifecycle mapping for MavenProject: AirReservation:AirReservation:0.0.1-SNAPSHOT @ E:\Work\JavaProject\JavaProject\AirlineReservation\pom.xml.
2022-03-18 13:22:32,364 [Worker-5: Updating Maven Project] INFO  o.e.m.j.i.AbstractJavaProjectConfigurator - Adding source folder /AirlineReservation/src
2022-03-18 13:22:32,365 [Worker-5: Updating Maven Project] INFO  o.e.m.j.i.AbstractJavaProjectConfigurator - Not adding source folder /AirlineReservation/src/test/java because it overlaps with /AirlineReservation/src
2022-03-18 13:22:34,000 [Worker-5: Updating Maven Project] INFO  o.e.m.w.i.f.ResourceFilteringBuildParticipant - Cleaning filtered folder for AirlineReservation
2022-03-18 13:22:34,006 [Worker-5: Updating Maven Project] INFO  o.e.m.c.i.p.ProjectConfigurationManager - Update completed: 4 sec
2022-03-18 13:22:35,104 [Worker-0: Building] WARN  o.e.m.c.i.embedder.EclipseLogger - Using platform encoding (Cp1252 actually) to copy filtered resources, i.e. build is platform dependent!
2022-03-18 13:22:35,430 [Worker-0: Building] INFO  o.e.m.c.i.embedder.EclipseLogger - skip non existing resourceDirectory E:\Work\JavaProject\JavaProject\AirlineReservation\src\main\resources
2022-03-18 13:22:35,433 [Worker-0: Building] WARN  o.e.m.c.i.embedder.EclipseLogger - Using platform encoding (Cp1252 actually) to copy filtered resources, i.e. build is platform dependent!
2022-03-18 13:22:35,434 [Worker-0: Building] INFO  o.e.m.c.i.embedder.EclipseLogger - skip non existing resourceDirectory E:\Work\JavaProject\JavaProject\AirlineReservation\src\test\resources
2022-03-18 13:22:35,435 [Worker-0: Building] INFO  o.e.m.w.i.f.ResourceFilteringBuildParticipant - Changed resources require a complete clean of filtered resources of AirlineReservation
2022-03-18 13:22:35,435 [Worker-0: Building] INFO  o.e.m.w.i.f.ResourceFilteringBuildParticipant - Executing resource filtering for AirlineReservation
2022-03-18 13:22:35,439 [Worker-0: Building] WARN  o.e.m.c.i.embedder.EclipseLogger - Using platform encoding (Cp1252 actually) to copy filtered resources, i.e. build is platform dependent!
2022-03-18 13:25:38,305 [Worker-5: Building] WARN  o.e.m.c.i.embedder.EclipseLogger - Using platform encoding (Cp1252 actually) to copy filtered resources, i.e. build is platform dependent!
2022-03-18 13:25:38,491 [Worker-5: Building] INFO  o.e.m.c.i.embedder.EclipseLogger - skip non existing resourceDirectory E:\Work\JavaProject\JavaProject\AirlineReservation\src\main\resources
2022-03-18 13:25:38,495 [Worker-5: Building] WARN  o.e.m.c.i.embedder.EclipseLogger - Using platform encoding (Cp1252 actually) to copy filtered resources, i.e. build is platform dependent!
2022-03-18 13:25:38,564 [Worker-5: Building] INFO  o.e.m.c.i.embedder.EclipseLogger - skip non existing resourceDirectory E:\Work\JavaProject\JavaProject\AirlineReservation\src\test\resources
